2024/01/22 14:47:37 ------ Informações do Sistema ------
2024/01/22 14:47:37 CPU: 8 cores
2024/01/22 14:47:38 Uso da CPU: 11.54%
2024/01/22 14:47:38 Memória Total: 24481 MB
2024/01/22 14:47:38 Memória Usada: 14040 MB
2024/01/22 14:47:38 Memória Livre: 10440 MB
2024/01/22 14:47:38 Sistema Operacional: windows
2024/01/22 14:47:38 Arquitetura do Sistema: amd64
2024/01/22 14:47:38 -----------------------------------
2024/01/22 14:47:43 ------ Informações do Sistema ------
2024/01/22 14:47:43 CPU: 8 cores
2024/01/22 14:47:44 Uso da CPU: 22.37%
2024/01/22 14:47:44 Memória Total: 24481 MB
2024/01/22 14:47:44 Memória Usada: 14044 MB
2024/01/22 14:47:44 Memória Livre: 10436 MB
2024/01/22 14:47:44 Sistema Operacional: windows
2024/01/22 14:47:44 Arquitetura do Sistema: amd64
2024/01/22 14:47:44 -----------------------------------
2024/01/22 14:47:49 ------ Informações do Sistema ------
2024/01/22 14:47:49 CPU: 8 cores
2024/01/22 14:47:50 Uso da CPU: 29.88%
2024/01/22 14:47:50 Memória Total: 24481 MB
2024/01/22 14:47:50 Memória Usada: 13910 MB
2024/01/22 14:47:50 Memória Livre: 10570 MB
2024/01/22 14:47:50 Sistema Operacional: windows
2024/01/22 14:47:50 Arquitetura do Sistema: amd64
2024/01/22 14:47:50 -----------------------------------
2024/01/22 14:47:55 ------ Informações do Sistema ------
2024/01/22 14:47:55 CPU: 8 cores
2024/01/22 14:47:56 Uso da CPU: 27.82%
2024/01/22 14:47:56 Memória Total: 24481 MB
2024/01/22 14:47:56 Memória Usada: 13911 MB
2024/01/22 14:47:56 Memória Livre: 10570 MB
2024/01/22 14:47:56 Sistema Operacional: windows
2024/01/22 14:47:56 Arquitetura do Sistema: amd64
2024/01/22 14:47:56 -----------------------------------
2024/01/22 14:48:01 ------ Informações do Sistema ------
2024/01/22 14:48:01 CPU: 8 cores
2024/01/22 14:48:02 Uso da CPU: 24.22%
2024/01/22 14:48:02 Memória Total: 24481 MB
2024/01/22 14:48:02 Memória Usada: 13934 MB
2024/01/22 14:48:02 Memória Livre: 10546 MB
2024/01/22 14:48:02 Sistema Operacional: windows
2024/01/22 14:48:02 Arquitetura do Sistema: amd64
2024/01/22 14:48:02 -----------------------------------
2024/01/22 14:48:07 ------ Informações do Sistema ------
2024/01/22 14:48:07 CPU: 8 cores
2024/01/22 14:48:08 Uso da CPU: 16.54%
2024/01/22 14:48:08 Memória Total: 24481 MB
2024/01/22 14:48:08 Memória Usada: 13822 MB
2024/01/22 14:48:08 Memória Livre: 10658 MB
2024/01/22 14:48:08 Sistema Operacional: windows
2024/01/22 14:48:08 Arquitetura do Sistema: amd64
2024/01/22 14:48:08 -----------------------------------
2024/01/22 14:48:13 ------ Informações do Sistema ------
2024/01/22 14:48:13 CPU: 8 cores
2024/01/22 14:48:14 Uso da CPU: 32.31%
2024/01/22 14:48:14 Memória Total: 24481 MB
2024/01/22 14:48:14 Memória Usada: 13861 MB
2024/01/22 14:48:14 Memória Livre: 10619 MB
2024/01/22 14:48:14 Sistema Operacional: windows
2024/01/22 14:48:14 Arquitetura do Sistema: amd64
2024/01/22 14:48:14 -----------------------------------
2024/01/22 14:48:19 ------ Informações do Sistema ------
2024/01/22 14:48:19 CPU: 8 cores
2024/01/22 14:48:20 Uso da CPU: 21.92%
2024/01/22 14:48:20 Memória Total: 24481 MB
2024/01/22 14:48:20 Memória Usada: 13867 MB
2024/01/22 14:48:20 Memória Livre: 10613 MB
2024/01/22 14:48:20 Sistema Operacional: windows
2024/01/22 14:48:20 Arquitetura do Sistema: amd64
2024/01/22 14:48:20 -----------------------------------
2024/01/22 14:48:25 ------ Informações do Sistema ------
2024/01/22 14:48:25 CPU: 8 cores
2024/01/22 14:48:26 Uso da CPU: 17.77%
2024/01/22 14:48:26 Memória Total: 24481 MB
2024/01/22 14:48:26 Memória Usada: 13828 MB
2024/01/22 14:48:26 Memória Livre: 10652 MB
2024/01/22 14:48:26 Sistema Operacional: windows
2024/01/22 14:48:26 Arquitetura do Sistema: amd64
2024/01/22 14:48:26 -----------------------------------
2024/01/22 14:48:31 ------ Informações do Sistema ------
2024/01/22 14:48:31 CPU: 8 cores
2024/01/22 14:48:32 Uso da CPU: 25.24%
2024/01/22 14:48:32 Memória Total: 24481 MB
2024/01/22 14:48:32 Memória Usada: 13837 MB
2024/01/22 14:48:32 Memória Livre: 10643 MB
2024/01/22 14:48:32 Sistema Operacional: windows
2024/01/22 14:48:32 Arquitetura do Sistema: amd64
2024/01/22 14:48:32 -----------------------------------
2024/01/22 14:48:37 ------ Informações do Sistema ------
2024/01/22 14:48:37 CPU: 8 cores
2024/01/22 14:48:38 Uso da CPU: 31.25%
2024/01/22 14:48:38 Memória Total: 24481 MB
2024/01/22 14:48:38 Memória Usada: 13788 MB
2024/01/22 14:48:38 Memória Livre: 10693 MB
2024/01/22 14:48:38 Sistema Operacional: windows
2024/01/22 14:48:38 Arquitetura do Sistema: amd64
2024/01/22 14:48:38 -----------------------------------
2024/01/22 14:48:43 ------ Informações do Sistema ------
2024/01/22 14:48:44 CPU: 8 cores
2024/01/22 14:48:45 Uso da CPU: 57.42%
2024/01/22 14:48:45 Memória Total: 24481 MB
2024/01/22 14:48:45 Memória Usada: 13926 MB
2024/01/22 14:48:45 Memória Livre: 10554 MB
2024/01/22 14:48:45 Sistema Operacional: windows
2024/01/22 14:48:45 Arquitetura do Sistema: amd64
2024/01/22 14:48:45 -----------------------------------
2024/01/22 14:48:50 ------ Informações do Sistema ------
2024/01/22 14:48:50 CPU: 8 cores
2024/01/22 14:48:51 Uso da CPU: 30.17%
2024/01/22 14:48:51 Memória Total: 24481 MB
2024/01/22 14:48:51 Memória Usada: 14094 MB
2024/01/22 14:48:51 Memória Livre: 10386 MB
2024/01/22 14:48:51 Sistema Operacional: windows
2024/01/22 14:48:51 Arquitetura do Sistema: amd64
2024/01/22 14:48:51 -----------------------------------
2024/01/22 14:48:56 ------ Informações do Sistema ------
2024/01/22 14:48:56 CPU: 8 cores
2024/01/22 14:48:57 Uso da CPU: 35.94%
2024/01/22 14:48:57 Memória Total: 24481 MB
2024/01/22 14:48:57 Memória Usada: 14010 MB
2024/01/22 14:48:57 Memória Livre: 10470 MB
2024/01/22 14:48:57 Sistema Operacional: windows
2024/01/22 14:48:57 Arquitetura do Sistema: amd64
2024/01/22 14:48:57 -----------------------------------
2024/01/22 14:49:02 ------ Informações do Sistema ------
2024/01/22 14:49:02 CPU: 8 cores
2024/01/22 14:49:03 Uso da CPU: 47.66%
2024/01/22 14:49:03 Memória Total: 24481 MB
2024/01/22 14:49:03 Memória Usada: 13954 MB
2024/01/22 14:49:03 Memória Livre: 10526 MB
2024/01/22 14:49:03 Sistema Operacional: windows
2024/01/22 14:49:03 Arquitetura do Sistema: amd64
2024/01/22 14:49:03 -----------------------------------
2024/01/22 14:49:08 ------ Informações do Sistema ------
2024/01/22 14:49:08 CPU: 8 cores
2024/01/22 14:49:09 Uso da CPU: 32.23%
2024/01/22 14:49:09 Memória Total: 24481 MB
2024/01/22 14:49:09 Memória Usada: 13952 MB
2024/01/22 14:49:09 Memória Livre: 10528 MB
2024/01/22 14:49:09 Sistema Operacional: windows
2024/01/22 14:49:09 Arquitetura do Sistema: amd64
2024/01/22 14:49:09 -----------------------------------
2024/01/22 14:49:14 ------ Informações do Sistema ------
2024/01/22 14:49:14 CPU: 8 cores
2024/01/22 14:49:15 Uso da CPU: 34.04%
2024/01/22 14:49:15 Memória Total: 24481 MB
2024/01/22 14:49:15 Memória Usada: 14288 MB
2024/01/22 14:49:15 Memória Livre: 10193 MB
2024/01/22 14:49:15 Sistema Operacional: windows
2024/01/22 14:49:15 Arquitetura do Sistema: amd64
2024/01/22 14:49:15 -----------------------------------
2024/01/22 14:49:20 ------ Informações do Sistema ------
2024/01/22 14:49:20 CPU: 8 cores
2024/01/22 14:49:21 Uso da CPU: 69.14%
2024/01/22 14:49:21 Memória Total: 24481 MB
2024/01/22 14:49:21 Memória Usada: 14346 MB
2024/01/22 14:49:21 Memória Livre: 10135 MB
2024/01/22 14:49:21 Sistema Operacional: windows
2024/01/22 14:49:21 Arquitetura do Sistema: amd64
2024/01/22 14:49:21 -----------------------------------
2024/01/22 14:49:26 ------ Informações do Sistema ------
2024/01/22 14:49:26 CPU: 8 cores
2024/01/22 14:49:27 Uso da CPU: 99.80%
2024/01/22 14:49:27 Memória Total: 24481 MB
2024/01/22 14:49:27 Memória Usada: 14361 MB
2024/01/22 14:49:27 Memória Livre: 10119 MB
2024/01/22 14:49:27 Sistema Operacional: windows
2024/01/22 14:49:27 Arquitetura do Sistema: amd64
2024/01/22 14:49:27 -----------------------------------
2024/01/22 14:49:32 ------ Informações do Sistema ------
2024/01/22 14:49:32 CPU: 8 cores
2024/01/22 14:49:33 Uso da CPU: 15.23%
2024/01/22 14:49:33 Memória Total: 24481 MB
2024/01/22 14:49:33 Memória Usada: 14403 MB
2024/01/22 14:49:33 Memória Livre: 10077 MB
2024/01/22 14:49:33 Sistema Operacional: windows
2024/01/22 14:49:33 Arquitetura do Sistema: amd64
2024/01/22 14:49:33 -----------------------------------
2024/01/22 14:49:38 ------ Informações do Sistema ------
2024/01/22 14:49:38 CPU: 8 cores
2024/01/22 14:49:39 Uso da CPU: 26.95%
2024/01/22 14:49:39 Memória Total: 24481 MB
2024/01/22 14:49:39 Memória Usada: 14441 MB
2024/01/22 14:49:39 Memória Livre: 10040 MB
2024/01/22 14:49:39 Sistema Operacional: windows
2024/01/22 14:49:39 Arquitetura do Sistema: amd64
2024/01/22 14:49:39 -----------------------------------
2024/01/22 14:49:44 ------ Informações do Sistema ------
2024/01/22 14:49:44 CPU: 8 cores
2024/01/22 14:49:45 Uso da CPU: 20.31%
2024/01/22 14:49:45 Memória Total: 24481 MB
2024/01/22 14:49:45 Memória Usada: 14420 MB
2024/01/22 14:49:45 Memória Livre: 10060 MB
2024/01/22 14:49:45 Sistema Operacional: windows
2024/01/22 14:49:45 Arquitetura do Sistema: amd64
2024/01/22 14:49:45 -----------------------------------
2024/01/22 14:49:50 ------ Informações do Sistema ------
2024/01/22 14:49:50 CPU: 8 cores
2024/01/22 14:49:51 Uso da CPU: 23.24%
2024/01/22 14:49:51 Memória Total: 24481 MB
2024/01/22 14:49:51 Memória Usada: 14379 MB
2024/01/22 14:49:51 Memória Livre: 10101 MB
2024/01/22 14:49:51 Sistema Operacional: windows
2024/01/22 14:49:51 Arquitetura do Sistema: amd64
2024/01/22 14:49:51 -----------------------------------
2024/01/22 14:49:56 ------ Informações do Sistema ------
2024/01/22 14:49:56 CPU: 8 cores
2024/01/22 14:49:57 Uso da CPU: 70.51%
2024/01/22 14:49:57 Memória Total: 24481 MB
2024/01/22 14:49:57 Memória Usada: 14552 MB
2024/01/22 14:49:57 Memória Livre: 9928 MB
2024/01/22 14:49:57 Sistema Operacional: windows
2024/01/22 14:49:57 Arquitetura do Sistema: amd64
2024/01/22 14:49:57 -----------------------------------
